{"/Volumes/EncryptDisk/CC_Manager/manager-work/src/components/EmptyState.jsx": {"path":"/Volumes/EncryptDisk/CC_Manager/manager-work/src/components/EmptyState.jsx","statementMap":{"0":{"start":{"line":3,"column":4},"end":{"line":11,"column":null}},"1":{"start":{"line":14,"column":2},"end":{"line":16,"column":null}},"2":{"start":{"line":15,"column":4},"end":{"line":15,"column":null}},"3":{"start":{"line":17,"column":2},"end":{"line":17,"column":null}}},"fnMap":{"0":{"name":"EmptyState","decl":{"start":{"line":1,"column":16},"end":{"line":1,"column":27}},"loc":{"start":{"line":1,"column":71},"end":{"line":18,"column":null}},"line":1}},"branchMap":{"0":{"loc":{"start":{"line":9,"column":7},"end":{"line":9,"column":null}},"type":"binary-expr","locations":[{"start":{"line":9,"column":7},"end":{"line":9,"column":19}},{"start":{"line":9,"column":19},"end":{"line":9,"column":null}}],"line":9},"1":{"loc":{"start":{"line":10,"column":7},"end":{"line":10,"column":null}},"type":"binary-expr","locations":[{"start":{"line":10,"column":7},"end":{"line":10,"column":17}},{"start":{"line":10,"column":17},"end":{"line":10,"column":null}}],"line":10},"2":{"loc":{"start":{"line":14,"column":2},"end":{"line":16,"column":null}},"type":"if","locations":[{"start":{"line":14,"column":2},"end":{"line":16,"column":null}},{"start":{},"end":{}}],"line":14}},"s":{"0":7,"1":7,"2":1,"3":6},"f":{"0":7},"b":{"0":[7,2],"1":[7,2],"2":[1,6]},"meta":{"lastBranch":3,"lastFunction":1,"lastStatement":4,"seen":{"f:1:16:1:27":0,"s:3:4:11:Infinity":0,"b:9:7:9:19:9:19:9:Infinity":0,"b:10:7:10:17:10:17:10:Infinity":1,"b:14:2:16:Infinity:undefined:undefined:undefined:undefined":2,"s:14:2:16:Infinity":1,"s:15:4:15:Infinity":2,"s:17:2:17:Infinity":3}}}
,"/Volumes/EncryptDisk/CC_Manager/manager-work/src/components/SkeletonRow.jsx": {"path":"/Volumes/EncryptDisk/CC_Manager/manager-work/src/components/SkeletonRow.jsx","statementMap":{"0":{"start":{"line":2,"column":17},"end":{"line":2,"column":null}},"1":{"start":{"line":3,"column":2},"end":{"line":20,"column":null}},"2":{"start":{"line":6,"column":8},"end":{"line":18,"column":null}},"3":{"start":{"line":25,"column":2},"end":{"line":30,"column":null}},"4":{"start":{"line":28,"column":8},"end":{"line":28,"column":null}}},"fnMap":{"0":{"name":"SkeletonRow","decl":{"start":{"line":1,"column":16},"end":{"line":1,"column":28}},"loc":{"start":{"line":1,"column":42},"end":{"line":22,"column":null}},"line":1},"1":{"name":"(anonymous_1)","decl":{"start":{"line":5,"column":40},"end":{"line":5,"column":41}},"loc":{"start":{"line":6,"column":8},"end":{"line":18,"column":null}},"line":6},"2":{"name":"SkeletonRows","decl":{"start":{"line":24,"column":16},"end":{"line":24,"column":29}},"loc":{"start":{"line":24,"column":54},"end":{"line":32,"column":null}},"line":24},"3":{"name":"(anonymous_3)","decl":{"start":{"line":27,"column":41},"end":{"line":27,"column":42}},"loc":{"start":{"line":28,"column":8},"end":{"line":28,"column":null}},"line":28}},"branchMap":{"0":{"loc":{"start":{"line":1,"column":30},"end":{"line":1,"column":39}},"type":"default-arg","locations":[{"start":{"line":1,"column":37},"end":{"line":1,"column":39}}],"line":1},"1":{"loc":{"start":{"line":24,"column":31},"end":{"line":24,"column":42}},"type":"default-arg","locations":[{"start":{"line":24,"column":39},"end":{"line":24,"column":42}}],"line":24},"2":{"loc":{"start":{"line":24,"column":42},"end":{"line":24,"column":51}},"type":"default-arg","locations":[{"start":{"line":24,"column":49},"end":{"line":24,"column":51}}],"line":24}},"s":{"0":14,"1":14,"2":73,"3":3,"4":10},"f":{"0":14,"1":73,"2":3,"3":10},"b":{"0":[14],"1":[3],"2":[3]},"meta":{"lastBranch":3,"lastFunction":4,"lastStatement":5,"seen":{"f:1:16:1:28":0,"b:1:37:1:39":0,"s:2:17:2:Infinity":0,"s:3:2:20:Infinity":1,"f:5:40:5:41":1,"s:6:8:18:Infinity":2,"f:24:16:24:29":2,"b:24:39:24:42":1,"b:24:49:24:51":2,"s:25:2:30:Infinity":3,"f:27:41:27:42":3,"s:28:8:28:Infinity":4}}}
,"/Volumes/EncryptDisk/CC_Manager/manager-work/src/hooks/useConfirm.jsx": {"path":"/Volumes/EncryptDisk/CC_Manager/manager-work/src/hooks/useConfirm.jsx","statementMap":{"0":{"start":{"line":4,"column":6},"end":{"line":4,"column":null}},"1":{"start":{"line":7,"column":24},"end":{"line":7,"column":null}},"2":{"start":{"line":8,"column":36},"end":{"line":8,"column":null}},"3":{"start":{"line":9,"column":38},"end":{"line":9,"column":null}},"4":{"start":{"line":11,"column":8},"end":{"line":19,"column":null}},"5":{"start":{"line":12,"column":20},"end":{"line":14,"column":null}},"6":{"start":{"line":15,"column":100},"end":{"line":15,"column":null}},"7":{"start":{"line":16,"column":4},"end":{"line":18,"column":null}},"8":{"start":{"line":17,"column":6},"end":{"line":17,"column":null}},"9":{"start":{"line":21,"column":23},"end":{"line":24,"column":null}},"10":{"start":{"line":22,"column":4},"end":{"line":22,"column":null}},"11":{"start":{"line":23,"column":4},"end":{"line":23,"column":null}},"12":{"start":{"line":25,"column":8},"end":{"line":25,"column":null}},"13":{"start":{"line":26,"column":2},"end":{"line":26,"column":null}},"14":{"start":{"line":28,"column":2},"end":{"line":130,"column":null}},"15":{"start":{"line":90,"column":31},"end":{"line":90,"column":null}},"16":{"start":{"line":91,"column":36},"end":{"line":91,"column":null}},"17":{"start":{"line":92,"column":36},"end":{"line":92,"column":null}},"18":{"start":{"line":107,"column":31},"end":{"line":107,"column":null}},"19":{"start":{"line":108,"column":36},"end":{"line":108,"column":null}},"20":{"start":{"line":109,"column":36},"end":{"line":109,"column":null}},"21":{"start":{"line":136,"column":8},"end":{"line":136,"column":null}},"22":{"start":{"line":137,"column":2},"end":{"line":137,"column":null}},"23":{"start":{"line":137,"column":12},"end":{"line":137,"column":null}},"24":{"start":{"line":138,"column":2},"end":{"line":138,"column":null}}},"fnMap":{"0":{"name":"ConfirmProvider","decl":{"start":{"line":6,"column":16},"end":{"line":6,"column":32}},"loc":{"start":{"line":6,"column":46},"end":{"line":132,"column":null}},"line":6},"1":{"name":"(anonymous_1)","decl":{"start":{"line":11,"column":30},"end":{"line":11,"column":31}},"loc":{"start":{"line":11,"column":54},"end":{"line":19,"column":5}},"line":11},"2":{"name":"(anonymous_2)","decl":{"start":{"line":16,"column":23},"end":{"line":16,"column":24}},"loc":{"start":{"line":16,"column":36},"end":{"line":18,"column":5}},"line":16},"3":{"name":"(anonymous_3)","decl":{"start":{"line":21,"column":23},"end":{"line":21,"column":24}},"loc":{"start":{"line":21,"column":35},"end":{"line":24,"column":null}},"line":21},"4":{"name":"(anonymous_4)","decl":{"start":{"line":90,"column":25},"end":{"line":90,"column":31}},"loc":{"start":{"line":90,"column":31},"end":{"line":90,"column":null}},"line":90},"5":{"name":"(anonymous_5)","decl":{"start":{"line":91,"column":30},"end":{"line":91,"column":36}},"loc":{"start":{"line":91,"column":36},"end":{"line":91,"column":null}},"line":91},"6":{"name":"(anonymous_6)","decl":{"start":{"line":92,"column":30},"end":{"line":92,"column":36}},"loc":{"start":{"line":92,"column":36},"end":{"line":92,"column":null}},"line":92},"7":{"name":"(anonymous_7)","decl":{"start":{"line":107,"column":25},"end":{"line":107,"column":31}},"loc":{"start":{"line":107,"column":31},"end":{"line":107,"column":null}},"line":107},"8":{"name":"(anonymous_8)","decl":{"start":{"line":108,"column":30},"end":{"line":108,"column":36}},"loc":{"start":{"line":108,"column":36},"end":{"line":108,"column":null}},"line":108},"9":{"name":"(anonymous_9)","decl":{"start":{"line":109,"column":30},"end":{"line":109,"column":36}},"loc":{"start":{"line":109,"column":36},"end":{"line":109,"column":null}},"line":109},"10":{"name":"useConfirm","decl":{"start":{"line":135,"column":16},"end":{"line":135,"column":29}},"loc":{"start":{"line":135,"column":29},"end":{"line":139,"column":null}},"line":135}},"branchMap":{"0":{"loc":{"start":{"line":11,"column":40},"end":{"line":11,"column":54}},"type":"default-arg","locations":[{"start":{"line":11,"column":47},"end":{"line":11,"column":54}}],"line":11},"1":{"loc":{"start":{"line":12,"column":20},"end":{"line":14,"column":null}},"type":"cond-expr","locations":[{"start":{"line":13,"column":8},"end":{"line":13,"column":null}},{"start":{"line":14,"column":8},"end":{"line":14,"column":null}}],"line":12},"2":{"loc":{"start":{"line":15,"column":12},"end":{"line":15,"column":31}},"type":"default-arg","locations":[{"start":{"line":15,"column":20},"end":{"line":15,"column":31}}],"line":15},"3":{"loc":{"start":{"line":15,"column":31},"end":{"line":15,"column":47}},"type":"default-arg","locations":[{"start":{"line":15,"column":40},"end":{"line":15,"column":47}}],"line":15},"4":{"loc":{"start":{"line":15,"column":47},"end":{"line":15,"column":73}},"type":"default-arg","locations":[{"start":{"line":15,"column":62},"end":{"line":15,"column":73}}],"line":15},"5":{"loc":{"start":{"line":15,"column":73},"end":{"line":15,"column":96}},"type":"default-arg","locations":[{"start":{"line":15,"column":87},"end":{"line":15,"column":96}}],"line":15},"6":{"loc":{"start":{"line":31,"column":7},"end":{"line":128,"column":null}},"type":"binary-expr","locations":[{"start":{"line":31,"column":7},"end":{"line":31,"column":null}},{"start":{"line":32,"column":8},"end":{"line":128,"column":null}}],"line":31},"7":{"loc":{"start":{"line":96,"column":30},"end":{"line":96,"column":null}},"type":"cond-expr","locations":[{"start":{"line":96,"column":44},"end":{"line":96,"column":63}},{"start":{"line":96,"column":63},"end":{"line":96,"column":null}}],"line":96},"8":{"loc":{"start":{"line":111,"column":30},"end":{"line":113,"column":null}},"type":"cond-expr","locations":[{"start":{"line":112,"column":23},"end":{"line":112,"column":null}},{"start":{"line":113,"column":23},"end":{"line":113,"column":null}}],"line":111},"9":{"loc":{"start":{"line":112,"column":23},"end":{"line":112,"column":null}},"type":"cond-expr","locations":[{"start":{"line":112,"column":38},"end":{"line":112,"column":53}},{"start":{"line":112,"column":53},"end":{"line":112,"column":null}}],"line":112},"10":{"loc":{"start":{"line":113,"column":23},"end":{"line":113,"column":null}},"type":"cond-expr","locations":[{"start":{"line":113,"column":38},"end":{"line":113,"column":56}},{"start":{"line":113,"column":56},"end":{"line":113,"column":null}}],"line":113},"11":{"loc":{"start":{"line":137,"column":2},"end":{"line":137,"column":null}},"type":"if","locations":[{"start":{"line":137,"column":2},"end":{"line":137,"column":null}},{"start":{},"end":{}}],"line":137}},"s":{"0":1,"1":43,"2":43,"3":43,"4":43,"5":18,"6":18,"7":18,"8":18,"9":43,"10":7,"11":7,"12":43,"13":43,"14":43,"15":3,"16":0,"17":0,"18":4,"19":0,"20":0,"21":47,"22":47,"23":4,"24":43},"f":{"0":43,"1":18,"2":18,"3":7,"4":3,"5":0,"6":0,"7":4,"8":0,"9":0,"10":47},"b":{"0":[18],"1":[1,17],"2":[18],"3":[18],"4":[18],"5":[18],"6":[43,18],"7":[0,18],"8":[2,16],"9":[0,2],"10":[0,16],"11":[4,43]},"meta":{"lastBranch":12,"lastFunction":11,"lastStatement":25,"seen":{"s:4:6:4:Infinity":0,"f:6:16:6:32":0,"s:7:24:7:Infinity":1,"s:8:36:8:Infinity":2,"s:9:38:9:Infinity":3,"s:11:8:19:Infinity":4,"f:11:30:11:31":1,"b:11:47:11:54":0,"s:12:20:14:Infinity":5,"b:13:8:13:Infinity:14:8:14:Infinity":1,"s:15:100:15:Infinity":6,"b:15:20:15:31":2,"b:15:40:15:47":3,"b:15:62:15:73":4,"b:15:87:15:96":5,"s:16:4:18:Infinity":7,"f:16:23:16:24":2,"s:17:6:17:Infinity":8,"s:21:23:24:Infinity":9,"f:21:23:21:24":3,"s:22:4:22:Infinity":10,"s:23:4:23:Infinity":11,"s:25:8:25:Infinity":12,"s:26:2:26:Infinity":13,"s:28:2:130:Infinity":14,"b:31:7:31:Infinity:32:8:128:Infinity":6,"f:90:25:90:31":4,"s:90:31:90:Infinity":15,"f:91:30:91:36":5,"s:91:36:91:Infinity":16,"f:92:30:92:36":6,"s:92:36:92:Infinity":17,"b:96:44:96:63:96:63:96:Infinity":7,"f:107:25:107:31":7,"s:107:31:107:Infinity":18,"f:108:30:108:36":8,"s:108:36:108:Infinity":19,"f:109:30:109:36":9,"s:109:36:109:Infinity":20,"b:112:23:112:Infinity:113:23:113:Infinity":8,"b:112:38:112:53:112:53:112:Infinity":9,"b:113:38:113:56:113:56:113:Infinity":10,"f:135:16:135:29":10,"s:136:8:136:Infinity":21,"b:137:2:137:Infinity:undefined:undefined:undefined:undefined":11,"s:137:2:137:Infinity":22,"s:137:12:137:Infinity":23,"s:138:2:138:Infinity":24}}}
,"/Volumes/EncryptDisk/CC_Manager/manager-work/src/hooks/useFocusTrap.js": {"path":"/Volumes/EncryptDisk/CC_Manager/manager-work/src/hooks/useFocusTrap.js","statementMap":{"0":{"start":{"line":3,"column":18},"end":{"line":10,"column":12}},"1":{"start":{"line":21,"column":1},"end":{"line":58,"column":null}},"2":{"start":{"line":22,"column":4},"end":{"line":22,"column":null}},"3":{"start":{"line":22,"column":35},"end":{"line":22,"column":null}},"4":{"start":{"line":24,"column":15},"end":{"line":24,"column":26}},"5":{"start":{"line":25,"column":21},"end":{"line":27,"column":5}},"6":{"start":{"line":25,"column":27},"end":{"line":27,"column":5}},"7":{"start":{"line":26,"column":13},"end":{"line":26,"column":null}},"8":{"start":{"line":30,"column":18},"end":{"line":30,"column":28}},"9":{"start":{"line":31,"column":4},"end":{"line":33,"column":null}},"10":{"start":{"line":32,"column":6},"end":{"line":32,"column":null}},"11":{"start":{"line":32,"column":34},"end":{"line":32,"column":50}},"12":{"start":{"line":35,"column":26},"end":{"line":54,"column":5}},"13":{"start":{"line":36,"column":6},"end":{"line":36,"column":null}},"14":{"start":{"line":36,"column":27},"end":{"line":36,"column":null}},"15":{"start":{"line":37,"column":24},"end":{"line":37,"column":34}},"16":{"start":{"line":38,"column":6},"end":{"line":38,"column":null}},"17":{"start":{"line":38,"column":29},"end":{"line":38,"column":null}},"18":{"start":{"line":40,"column":20},"end":{"line":40,"column":32}},"19":{"start":{"line":41,"column":20},"end":{"line":41,"column":51}},"20":{"start":{"line":43,"column":6},"end":{"line":53,"column":null}},"21":{"start":{"line":44,"column":8},"end":{"line":47,"column":null}},"22":{"start":{"line":45,"column":10},"end":{"line":45,"column":null}},"23":{"start":{"line":46,"column":10},"end":{"line":46,"column":null}},"24":{"start":{"line":49,"column":8},"end":{"line":52,"column":null}},"25":{"start":{"line":50,"column":10},"end":{"line":50,"column":null}},"26":{"start":{"line":51,"column":10},"end":{"line":51,"column":null}},"27":{"start":{"line":56,"column":4},"end":{"line":56,"column":null}},"28":{"start":{"line":57,"column":4},"end":{"line":57,"column":null}},"29":{"start":{"line":57,"column":17},"end":{"line":57,"column":65}}},"fnMap":{"0":{"name":"useFocusTrap","decl":{"start":{"line":20,"column":16},"end":{"line":20,"column":28}},"loc":{"start":{"line":20,"column":44},"end":{"line":59,"column":null}},"line":20},"1":{"name":"(anonymous_1)","decl":{"start":{"line":21,"column":12},"end":{"line":21,"column":13}},"loc":{"start":{"line":21,"column":18},"end":{"line":58,"column":3}},"line":21},"2":{"name":"(anonymous_2)","decl":{"start":{"line":25,"column":21},"end":{"line":25,"column":22}},"loc":{"start":{"line":25,"column":27},"end":{"line":27,"column":5}},"line":25},"3":{"name":"(anonymous_3)","decl":{"start":{"line":26,"column":6},"end":{"line":26,"column":7}},"loc":{"start":{"line":26,"column":13},"end":{"line":26,"column":null}},"line":26},"4":{"name":"(anonymous_4)","decl":{"start":{"line":32,"column":28},"end":{"line":32,"column":29}},"loc":{"start":{"line":32,"column":34},"end":{"line":32,"column":50}},"line":32},"5":{"name":"(anonymous_5)","decl":{"start":{"line":35,"column":26},"end":{"line":35,"column":27}},"loc":{"start":{"line":35,"column":33},"end":{"line":54,"column":5}},"line":35},"6":{"name":"(anonymous_6)","decl":{"start":{"line":57,"column":11},"end":{"line":57,"column":12}},"loc":{"start":{"line":57,"column":17},"end":{"line":57,"column":65}},"line":57}},"branchMap":{"0":{"loc":{"start":{"line":22,"column":4},"end":{"line":22,"column":null}},"type":"if","locations":[{"start":{"line":22,"column":4},"end":{"line":22,"column":null}},{"start":{},"end":{}}],"line":22},"1":{"loc":{"start":{"line":22,"column":8},"end":{"line":22,"column":33}},"type":"binary-expr","locations":[{"start":{"line":22,"column":8},"end":{"line":22,"column":17}},{"start":{"line":22,"column":21},"end":{"line":22,"column":33}}],"line":22},"2":{"loc":{"start":{"line":26,"column":13},"end":{"line":26,"column":null}},"type":"binary-expr","locations":[{"start":{"line":26,"column":13},"end":{"line":26,"column":24}},{"start":{"line":26,"column":28},"end":{"line":26,"column":null}}],"line":26},"3":{"loc":{"start":{"line":31,"column":4},"end":{"line":33,"column":null}},"type":"if","locations":[{"start":{"line":31,"column":4},"end":{"line":33,"column":null}},{"start":{},"end":{}}],"line":31},"4":{"loc":{"start":{"line":36,"column":6},"end":{"line":36,"column":null}},"type":"if","locations":[{"start":{"line":36,"column":6},"end":{"line":36,"column":null}},{"start":{},"end":{}}],"line":36},"5":{"loc":{"start":{"line":38,"column":6},"end":{"line":38,"column":null}},"type":"if","locations":[{"start":{"line":38,"column":6},"end":{"line":38,"column":null}},{"start":{},"end":{}}],"line":38},"6":{"loc":{"start":{"line":43,"column":6},"end":{"line":53,"column":null}},"type":"if","locations":[{"start":{"line":43,"column":6},"end":{"line":53,"column":null}},{"start":{"line":48,"column":13},"end":{"line":53,"column":null}}],"line":43},"7":{"loc":{"start":{"line":44,"column":8},"end":{"line":47,"column":null}},"type":"if","locations":[{"start":{"line":44,"column":8},"end":{"line":47,"column":null}},{"start":{},"end":{}}],"line":44},"8":{"loc":{"start":{"line":49,"column":8},"end":{"line":52,"column":null}},"type":"if","locations":[{"start":{"line":49,"column":8},"end":{"line":52,"column":null}},{"start":{},"end":{}}],"line":49}},"s":{"0":2,"1":60,"2":60,"3":29,"4":31,"5":31,"6":35,"7":66,"8":31,"9":31,"10":0,"11":0,"12":31,"13":5,"14":1,"15":4,"16":4,"17":4,"18":0,"19":0,"20":0,"21":0,"22":0,"23":0,"24":0,"25":0,"26":0,"27":31,"28":31,"29":31},"f":{"0":60,"1":60,"2":35,"3":66,"4":0,"5":5,"6":31},"b":{"0":[29,31],"1":[60,32],"2":[66,66],"3":[0,31],"4":[1,4],"5":[4,0],"6":[0,0],"7":[0,0],"8":[0,0]},"meta":{"lastBranch":9,"lastFunction":7,"lastStatement":30,"seen":{"s:3:18:10:12":0,"f:20:16:20:28":0,"s:21:1:58:Infinity":1,"f:21:12:21:13":1,"b:22:4:22:Infinity:undefined:undefined:undefined:undefined":0,"s:22:4:22:Infinity":2,"b:22:8:22:17:22:21:22:33":1,"s:22:35:22:Infinity":3,"s:24:15:24:26":4,"s:25:21:27:5":5,"f:25:21:25:22":2,"s:25:27:27:5":6,"f:26:6:26:7":3,"s:26:13:26:Infinity":7,"b:26:13:26:24:26:28:26:Infinity":2,"s:30:18:30:28":8,"b:31:4:33:Infinity:undefined:undefined:undefined:undefined":3,"s:31:4:33:Infinity":9,"s:32:6:32:Infinity":10,"f:32:28:32:29":4,"s:32:34:32:50":11,"s:35:26:54:5":12,"f:35:26:35:27":5,"b:36:6:36:Infinity:undefined:undefined:undefined:undefined":4,"s:36:6:36:Infinity":13,"s:36:27:36:Infinity":14,"s:37:24:37:34":15,"b:38:6:38:Infinity:undefined:undefined:undefined:undefined":5,"s:38:6:38:Infinity":16,"s:38:29:38:Infinity":17,"s:40:20:40:32":18,"s:41:20:41:51":19,"b:43:6:53:Infinity:48:13:53:Infinity":6,"s:43:6:53:Infinity":20,"b:44:8:47:Infinity:undefined:undefined:undefined:undefined":7,"s:44:8:47:Infinity":21,"s:45:10:45:Infinity":22,"s:46:10:46:Infinity":23,"b:49:8:52:Infinity:undefined:undefined:undefined:undefined":8,"s:49:8:52:Infinity":24,"s:50:10:50:Infinity":25,"s:51:10:51:Infinity":26,"s:56:4:56:Infinity":27,"s:57:4:57:Infinity":28,"f:57:11:57:12":6,"s:57:17:57:65":29}}}
,"/Volumes/EncryptDisk/CC_Manager/manager-work/src/hooks/useToast.jsx": {"path":"/Volumes/EncryptDisk/CC_Manager/manager-work/src/hooks/useToast.jsx","statementMap":{"0":{"start":{"line":4,"column":6},"end":{"line":4,"column":null}},"1":{"start":{"line":6,"column":10},"end":{"line":6,"column":null}},"2":{"start":{"line":8,"column":21},"end":{"line":25,"column":null}},"3":{"start":{"line":27,"column":21},"end":{"line":27,"column":null}},"4":{"start":{"line":36,"column":26},"end":{"line":36,"column":null}},"5":{"start":{"line":37,"column":32},"end":{"line":37,"column":null}},"6":{"start":{"line":38,"column":8},"end":{"line":38,"column":null}},"7":{"start":{"line":40,"column":8},"end":{"line":44,"column":null}},"8":{"start":{"line":41,"column":4},"end":{"line":41,"column":null}},"9":{"start":{"line":42,"column":4},"end":{"line":42,"column":null}},"10":{"start":{"line":43,"column":4},"end":{"line":43,"column":null}},"11":{"start":{"line":43,"column":24},"end":{"line":43,"column":55}},"12":{"start":{"line":43,"column":43},"end":{"line":43,"column":54}},"13":{"start":{"line":46,"column":8},"end":{"line":60,"column":null}},"14":{"start":{"line":48,"column":23},"end":{"line":48,"column":null}},"15":{"start":{"line":49,"column":23},"end":{"line":49,"column":null}},"16":{"start":{"line":50,"column":23},"end":{"line":50,"column":null}},"17":{"start":{"line":51,"column":23},"end":{"line":51,"column":null}},"18":{"start":{"line":52,"column":17},"end":{"line":52,"column":null}},"19":{"start":{"line":53,"column":6},"end":{"line":56,"column":null}},"20":{"start":{"line":54,"column":21},"end":{"line":54,"column":null}},"21":{"start":{"line":55,"column":8},"end":{"line":55,"column":null}},"22":{"start":{"line":57,"column":6},"end":{"line":57,"column":null}},"23":{"start":{"line":57,"column":44},"end":{"line":57,"column":56}},"24":{"start":{"line":62,"column":8},"end":{"line":62,"column":null}},"25":{"start":{"line":62,"column":39},"end":{"line":62,"column":81}},"26":{"start":{"line":63,"column":8},"end":{"line":63,"column":null}},"27":{"start":{"line":63,"column":39},"end":{"line":63,"column":81}},"28":{"start":{"line":64,"column":8},"end":{"line":64,"column":null}},"29":{"start":{"line":64,"column":39},"end":{"line":64,"column":81}},"30":{"start":{"line":65,"column":8},"end":{"line":65,"column":null}},"31":{"start":{"line":65,"column":39},"end":{"line":65,"column":81}},"32":{"start":{"line":67,"column":8},"end":{"line":70,"column":null}},"33":{"start":{"line":68,"column":4},"end":{"line":68,"column":null}},"34":{"start":{"line":69,"column":4},"end":{"line":69,"column":null}},"35":{"start":{"line":72,"column":8},"end":{"line":75,"column":null}},"36":{"start":{"line":73,"column":4},"end":{"line":73,"column":null}},"37":{"start":{"line":74,"column":4},"end":{"line":74,"column":null}},"38":{"start":{"line":74,"column":44},"end":{"line":74,"column":58}},"39":{"start":{"line":77,"column":2},"end":{"line":154,"column":null}},"40":{"start":{"line":92,"column":20},"end":{"line":92,"column":null}},"41":{"start":{"line":93,"column":28},"end":{"line":93,"column":null}},"42":{"start":{"line":94,"column":10},"end":{"line":150,"column":null}},"43":{"start":{"line":97,"column":31},"end":{"line":97,"column":60}},"44":{"start":{"line":97,"column":46},"end":{"line":97,"column":60}},"45":{"start":{"line":98,"column":34},"end":{"line":98,"column":null}},"46":{"start":{"line":99,"column":34},"end":{"line":99,"column":null}},"47":{"start":{"line":125,"column":36},"end":{"line":125,"column":57}},"48":{"start":{"line":125,"column":57},"end":{"line":125,"column":77}},"49":{"start":{"line":125,"column":77},"end":{"line":125,"column":91}},"50":{"start":{"line":139,"column":36},"end":{"line":139,"column":57}},"51":{"start":{"line":139,"column":57},"end":{"line":139,"column":71}},"52":{"start":{"line":160,"column":8},"end":{"line":160,"column":null}},"53":{"start":{"line":161,"column":2},"end":{"line":161,"column":null}},"54":{"start":{"line":161,"column":12},"end":{"line":161,"column":null}},"55":{"start":{"line":162,"column":2},"end":{"line":162,"column":null}}},"fnMap":{"0":{"name":"ToastProvider","decl":{"start":{"line":35,"column":16},"end":{"line":35,"column":30}},"loc":{"start":{"line":35,"column":44},"end":{"line":156,"column":null}},"line":35},"1":{"name":"(anonymous_1)","decl":{"start":{"line":40,"column":29},"end":{"line":40,"column":30}},"loc":{"start":{"line":40,"column":37},"end":{"line":44,"column":5}},"line":40},"2":{"name":"(anonymous_2)","decl":{"start":{"line":43,"column":14},"end":{"line":43,"column":15}},"loc":{"start":{"line":43,"column":24},"end":{"line":43,"column":55}},"line":43},"3":{"name":"(anonymous_3)","decl":{"start":{"line":43,"column":36},"end":{"line":43,"column":37}},"loc":{"start":{"line":43,"column":43},"end":{"line":43,"column":54}},"line":43},"4":{"name":"(anonymous_4)","decl":{"start":{"line":47,"column":4},"end":{"line":47,"column":5}},"loc":{"start":{"line":47,"column":27},"end":{"line":58,"column":null}},"line":47},"5":{"name":"(anonymous_5)","decl":{"start":{"line":53,"column":16},"end":{"line":53,"column":17}},"loc":{"start":{"line":53,"column":26},"end":{"line":56,"column":7}},"line":53},"6":{"name":"(anonymous_6)","decl":{"start":{"line":57,"column":38},"end":{"line":57,"column":44}},"loc":{"start":{"line":57,"column":44},"end":{"line":57,"column":56}},"line":57},"7":{"name":"(anonymous_7)","decl":{"start":{"line":62,"column":30},"end":{"line":62,"column":31}},"loc":{"start":{"line":62,"column":39},"end":{"line":62,"column":81}},"line":62},"8":{"name":"(anonymous_8)","decl":{"start":{"line":63,"column":30},"end":{"line":63,"column":31}},"loc":{"start":{"line":63,"column":39},"end":{"line":63,"column":81}},"line":63},"9":{"name":"(anonymous_9)","decl":{"start":{"line":64,"column":30},"end":{"line":64,"column":31}},"loc":{"start":{"line":64,"column":39},"end":{"line":64,"column":81}},"line":64},"10":{"name":"(anonymous_10)","decl":{"start":{"line":65,"column":30},"end":{"line":65,"column":31}},"loc":{"start":{"line":65,"column":39},"end":{"line":65,"column":81}},"line":65},"11":{"name":"(anonymous_11)","decl":{"start":{"line":67,"column":39},"end":{"line":67,"column":40}},"loc":{"start":{"line":67,"column":46},"end":{"line":70,"column":5}},"line":67},"12":{"name":"(anonymous_12)","decl":{"start":{"line":72,"column":39},"end":{"line":72,"column":40}},"loc":{"start":{"line":72,"column":46},"end":{"line":75,"column":5}},"line":72},"13":{"name":"(anonymous_13)","decl":{"start":{"line":74,"column":38},"end":{"line":74,"column":44}},"loc":{"start":{"line":74,"column":44},"end":{"line":74,"column":58}},"line":74},"14":{"name":"(anonymous_14)","decl":{"start":{"line":91,"column":20},"end":{"line":91,"column":21}},"loc":{"start":{"line":91,"column":27},"end":{"line":152,"column":9}},"line":91},"15":{"name":"(anonymous_15)","decl":{"start":{"line":97,"column":23},"end":{"line":97,"column":29}},"loc":{"start":{"line":97,"column":29},"end":{"line":97,"column":null}},"line":97},"16":{"name":"(anonymous_16)","decl":{"start":{"line":98,"column":28},"end":{"line":98,"column":34}},"loc":{"start":{"line":98,"column":34},"end":{"line":98,"column":null}},"line":98},"17":{"name":"(anonymous_17)","decl":{"start":{"line":99,"column":28},"end":{"line":99,"column":34}},"loc":{"start":{"line":99,"column":34},"end":{"line":99,"column":null}},"line":99},"18":{"name":"(anonymous_18)","decl":{"start":{"line":125,"column":27},"end":{"line":125,"column":28}},"loc":{"start":{"line":125,"column":34},"end":{"line":125,"column":null}},"line":125},"19":{"name":"(anonymous_19)","decl":{"start":{"line":139,"column":27},"end":{"line":139,"column":28}},"loc":{"start":{"line":139,"column":34},"end":{"line":139,"column":null}},"line":139},"20":{"name":"useToast","decl":{"start":{"line":159,"column":16},"end":{"line":159,"column":27}},"loc":{"start":{"line":159,"column":27},"end":{"line":163,"column":null}},"line":159}},"branchMap":{"0":{"loc":{"start":{"line":48,"column":23},"end":{"line":48,"column":null}},"type":"cond-expr","locations":[{"start":{"line":48,"column":54},"end":{"line":48,"column":65}},{"start":{"line":48,"column":65},"end":{"line":48,"column":null}}],"line":48},"1":{"loc":{"start":{"line":49,"column":23},"end":{"line":49,"column":null}},"type":"cond-expr","locations":[{"start":{"line":49,"column":55},"end":{"line":49,"column":77}},{"start":{"line":49,"column":77},"end":{"line":49,"column":null}}],"line":49},"2":{"loc":{"start":{"line":49,"column":55},"end":{"line":49,"column":77}},"type":"binary-expr","locations":[{"start":{"line":49,"column":55},"end":{"line":49,"column":66}},{"start":{"line":49,"column":66},"end":{"line":49,"column":77}}],"line":49},"3":{"loc":{"start":{"line":49,"column":77},"end":{"line":49,"column":null}},"type":"binary-expr","locations":[{"start":{"line":49,"column":77},"end":{"line":49,"column":94}},{"start":{"line":49,"column":94},"end":{"line":49,"column":null}}],"line":49},"4":{"loc":{"start":{"line":50,"column":23},"end":{"line":50,"column":null}},"type":"cond-expr","locations":[{"start":{"line":50,"column":55},"end":{"line":50,"column":84}},{"start":{"line":50,"column":84},"end":{"line":50,"column":null}}],"line":50},"5":{"loc":{"start":{"line":50,"column":55},"end":{"line":50,"column":84}},"type":"binary-expr","locations":[{"start":{"line":50,"column":55},"end":{"line":50,"column":76}},{"start":{"line":50,"column":76},"end":{"line":50,"column":84}}],"line":50},"6":{"loc":{"start":{"line":51,"column":23},"end":{"line":51,"column":null}},"type":"cond-expr","locations":[{"start":{"line":51,"column":55},"end":{"line":51,"column":82}},{"start":{"line":51,"column":82},"end":{"line":51,"column":null}}],"line":51},"7":{"loc":{"start":{"line":51,"column":55},"end":{"line":51,"column":82}},"type":"binary-expr","locations":[{"start":{"line":51,"column":55},"end":{"line":51,"column":74}},{"start":{"line":51,"column":74},"end":{"line":51,"column":82}}],"line":51},"8":{"loc":{"start":{"line":55,"column":15},"end":{"line":55,"column":null}},"type":"cond-expr","locations":[{"start":{"line":55,"column":33},"end":{"line":55,"column":63}},{"start":{"line":55,"column":63},"end":{"line":55,"column":null}}],"line":55},"9":{"loc":{"start":{"line":92,"column":20},"end":{"line":92,"column":null}},"type":"binary-expr","locations":[{"start":{"line":92,"column":20},"end":{"line":92,"column":44}},{"start":{"line":92,"column":44},"end":{"line":92,"column":null}}],"line":92},"10":{"loc":{"start":{"line":97,"column":31},"end":{"line":97,"column":60}},"type":"if","locations":[{"start":{"line":97,"column":31},"end":{"line":97,"column":60}},{"start":{},"end":{}}],"line":97},"11":{"loc":{"start":{"line":108,"column":24},"end":{"line":108,"column":null}},"type":"cond-expr","locations":[{"start":{"line":108,"column":35},"end":{"line":108,"column":47}},{"start":{"line":108,"column":47},"end":{"line":108,"column":null}}],"line":108},"12":{"loc":{"start":{"line":112,"column":27},"end":{"line":114,"column":null}},"type":"cond-expr","locations":[{"start":{"line":113,"column":20},"end":{"line":113,"column":null}},{"start":{"line":114,"column":20},"end":{"line":114,"column":null}}],"line":112},"13":{"loc":{"start":{"line":119,"column":17},"end":{"line":119,"column":null}},"type":"binary-expr","locations":[{"start":{"line":119,"column":17},"end":{"line":119,"column":27}},{"start":{"line":119,"column":27},"end":{"line":119,"column":null}}],"line":119},"14":{"loc":{"start":{"line":123,"column":15},"end":{"line":134,"column":null}},"type":"binary-expr","locations":[{"start":{"line":123,"column":15},"end":{"line":123,"column":null}},{"start":{"line":124,"column":16},"end":{"line":134,"column":null}}],"line":123},"15":{"loc":{"start":{"line":137,"column":15},"end":{"line":141,"column":null}},"type":"binary-expr","locations":[{"start":{"line":137,"column":15},"end":{"line":137,"column":null}},{"start":{"line":138,"column":16},"end":{"line":141,"column":null}}],"line":137},"16":{"loc":{"start":{"line":148,"column":36},"end":{"line":148,"column":null}},"type":"cond-expr","locations":[{"start":{"line":148,"column":48},"end":{"line":148,"column":59}},{"start":{"line":148,"column":59},"end":{"line":148,"column":null}}],"line":148},"17":{"loc":{"start":{"line":161,"column":2},"end":{"line":161,"column":null}},"type":"if","locations":[{"start":{"line":161,"column":2},"end":{"line":161,"column":null}},{"start":{},"end":{}}],"line":161}},"s":{"0":1,"1":1,"2":1,"3":1,"4":49,"5":49,"6":49,"7":49,"8":7,"9":7,"10":7,"11":6,"12":6,"13":49,"14":28,"15":28,"16":28,"17":28,"18":28,"19":28,"20":28,"21":28,"22":28,"23":2,"24":49,"25":2,"26":49,"27":2,"28":49,"29":2,"30":49,"31":11,"32":49,"33":2,"34":2,"35":49,"36":2,"37":2,"38":2,"39":49,"40":30,"41":30,"42":30,"43":1,"44":1,"45":2,"46":2,"47":1,"48":1,"49":1,"50":1,"51":1,"52":53,"53":53,"54":4,"55":49},"f":{"0":49,"1":7,"2":6,"3":6,"4":28,"5":28,"6":2,"7":2,"8":2,"9":2,"10":11,"11":2,"12":2,"13":2,"14":30,"15":1,"16":2,"17":2,"18":1,"19":1,"20":53},"b":{"0":[2,26],"1":[2,26],"2":[2,1],"3":[26,8],"4":[26,2],"5":[26,22],"6":[26,2],"7":[26,22],"8":[2,26],"9":[30,0],"10":[1,0],"11":[4,26],"12":[2,28],"13":[30,30],"14":[30,4],"15":[30,4],"16":[2,28],"17":[4,49]},"meta":{"lastBranch":18,"lastFunction":21,"lastStatement":56,"seen":{"s:4:6:4:Infinity":0,"s:6:10:6:Infinity":1,"s:8:21:25:Infinity":2,"s:27:21:27:Infinity":3,"f:35:16:35:30":0,"s:36:26:36:Infinity":4,"s:37:32:37:Infinity":5,"s:38:8:38:Infinity":6,"s:40:8:44:Infinity":7,"f:40:29:40:30":1,"s:41:4:41:Infinity":8,"s:42:4:42:Infinity":9,"s:43:4:43:Infinity":10,"f:43:14:43:15":2,"s:43:24:43:55":11,"f:43:36:43:37":3,"s:43:43:43:54":12,"s:46:8:60:Infinity":13,"f:47:4:47:5":4,"s:48:23:48:Infinity":14,"b:48:54:48:65:48:65:48:Infinity":0,"s:49:23:49:Infinity":15,"b:49:55:49:77:49:77:49:Infinity":1,"b:49:55:49:66:49:66:49:77":2,"b:49:77:49:94:49:94:49:Infinity":3,"s:50:23:50:Infinity":16,"b:50:55:50:84:50:84:50:Infinity":4,"b:50:55:50:76:50:76:50:84":5,"s:51:23:51:Infinity":17,"b:51:55:51:82:51:82:51:Infinity":6,"b:51:55:51:74:51:74:51:82":7,"s:52:17:52:Infinity":18,"s:53:6:56:Infinity":19,"f:53:16:53:17":5,"s:54:21:54:Infinity":20,"s:55:8:55:Infinity":21,"b:55:33:55:63:55:63:55:Infinity":8,"s:57:6:57:Infinity":22,"f:57:38:57:44":6,"s:57:44:57:56":23,"s:62:8:62:Infinity":24,"f:62:30:62:31":7,"s:62:39:62:81":25,"s:63:8:63:Infinity":26,"f:63:30:63:31":8,"s:63:39:63:81":27,"s:64:8:64:Infinity":28,"f:64:30:64:31":9,"s:64:39:64:81":29,"s:65:8:65:Infinity":30,"f:65:30:65:31":10,"s:65:39:65:81":31,"s:67:8:70:Infinity":32,"f:67:39:67:40":11,"s:68:4:68:Infinity":33,"s:69:4:69:Infinity":34,"s:72:8:75:Infinity":35,"f:72:39:72:40":12,"s:73:4:73:Infinity":36,"s:74:4:74:Infinity":37,"f:74:38:74:44":13,"s:74:44:74:58":38,"s:77:2:154:Infinity":39,"f:91:20:91:21":14,"s:92:20:92:Infinity":40,"b:92:20:92:44:92:44:92:Infinity":9,"s:93:28:93:Infinity":41,"s:94:10:150:Infinity":42,"f:97:23:97:29":15,"b:97:31:97:60:undefined:undefined:undefined:undefined":10,"s:97:31:97:60":43,"s:97:46:97:60":44,"f:98:28:98:34":16,"s:98:34:98:Infinity":45,"f:99:28:99:34":17,"s:99:34:99:Infinity":46,"b:108:35:108:47:108:47:108:Infinity":11,"b:113:20:113:Infinity:114:20:114:Infinity":12,"b:119:17:119:27:119:27:119:Infinity":13,"b:123:15:123:Infinity:124:16:134:Infinity":14,"f:125:27:125:28":18,"s:125:36:125:57":47,"s:125:57:125:77":48,"s:125:77:125:91":49,"b:137:15:137:Infinity:138:16:141:Infinity":15,"f:139:27:139:28":19,"s:139:36:139:57":50,"s:139:57:139:71":51,"b:148:48:148:59:148:59:148:Infinity":16,"f:159:16:159:27":20,"s:160:8:160:Infinity":52,"b:161:2:161:Infinity:undefined:undefined:undefined:undefined":17,"s:161:2:161:Infinity":53,"s:161:12:161:Infinity":54,"s:162:2:162:Infinity":55}}}
,"/Volumes/EncryptDisk/CC_Manager/manager-work/src/utils/cardHealth.js": {"path":"/Volumes/EncryptDisk/CC_Manager/manager-work/src/utils/cardHealth.js","statementMap":{"0":{"start":{"line":13,"column":21},"end":{"line":13,"column":null}},"1":{"start":{"line":14,"column":2},"end":{"line":16,"column":null}},"2":{"start":{"line":15,"column":4},"end":{"line":15,"column":null}},"3":{"start":{"line":17,"column":2},"end":{"line":19,"column":null}},"4":{"start":{"line":18,"column":4},"end":{"line":18,"column":null}},"5":{"start":{"line":20,"column":2},"end":{"line":22,"column":null}},"6":{"start":{"line":21,"column":4},"end":{"line":21,"column":null}},"7":{"start":{"line":23,"column":2},"end":{"line":25,"column":null}},"8":{"start":{"line":24,"column":4},"end":{"line":24,"column":null}},"9":{"start":{"line":26,"column":2},"end":{"line":26,"column":null}}},"fnMap":{"0":{"name":"getCardHealth","decl":{"start":{"line":12,"column":16},"end":{"line":12,"column":29}},"loc":{"start":{"line":12,"column":36},"end":{"line":27,"column":null}},"line":12}},"branchMap":{"0":{"loc":{"start":{"line":13,"column":21},"end":{"line":13,"column":null}},"type":"binary-expr","locations":[{"start":{"line":13,"column":21},"end":{"line":13,"column":38}},{"start":{"line":13,"column":42},"end":{"line":13,"column":null}}],"line":13},"1":{"loc":{"start":{"line":14,"column":2},"end":{"line":16,"column":null}},"type":"if","locations":[{"start":{"line":14,"column":2},"end":{"line":16,"column":null}},{"start":{},"end":{}}],"line":14},"2":{"loc":{"start":{"line":17,"column":2},"end":{"line":19,"column":null}},"type":"if","locations":[{"start":{"line":17,"column":2},"end":{"line":19,"column":null}},{"start":{},"end":{}}],"line":17},"3":{"loc":{"start":{"line":20,"column":2},"end":{"line":22,"column":null}},"type":"if","locations":[{"start":{"line":20,"column":2},"end":{"line":22,"column":null}},{"start":{},"end":{}}],"line":20},"4":{"loc":{"start":{"line":20,"column":6},"end":{"line":20,"column":49}},"type":"binary-expr","locations":[{"start":{"line":20,"column":6},"end":{"line":20,"column":30}},{"start":{"line":20,"column":34},"end":{"line":20,"column":49}}],"line":20},"5":{"loc":{"start":{"line":23,"column":2},"end":{"line":25,"column":null}},"type":"if","locations":[{"start":{"line":23,"column":2},"end":{"line":25,"column":null}},{"start":{},"end":{}}],"line":23}},"s":{"0":7,"1":7,"2":2,"3":5,"4":1,"5":4,"6":1,"7":3,"8":2,"9":1},"f":{"0":7},"b":{"0":[7,1],"1":[2,5],"2":[1,4],"3":[1,3],"4":[4,2],"5":[2,1]},"meta":{"lastBranch":6,"lastFunction":1,"lastStatement":10,"seen":{"f:12:16:12:29":0,"s:13:21:13:Infinity":0,"b:13:21:13:38:13:42:13:Infinity":0,"b:14:2:16:Infinity:undefined:undefined:undefined:undefined":1,"s:14:2:16:Infinity":1,"s:15:4:15:Infinity":2,"b:17:2:19:Infinity:undefined:undefined:undefined:undefined":2,"s:17:2:19:Infinity":3,"s:18:4:18:Infinity":4,"b:20:2:22:Infinity:undefined:undefined:undefined:undefined":3,"s:20:2:22:Infinity":5,"b:20:6:20:30:20:34:20:49":4,"s:21:4:21:Infinity":6,"b:23:2:25:Infinity:undefined:undefined:undefined:undefined":5,"s:23:2:25:Infinity":7,"s:24:4:24:Infinity":8,"s:26:2:26:Infinity":9}}}
,"/Volumes/EncryptDisk/CC_Manager/manager-work/src/utils/formatting.js": {"path":"/Volumes/EncryptDisk/CC_Manager/manager-work/src/utils/formatting.js","statementMap":{"0":{"start":{"line":11,"column":2},"end":{"line":11,"column":null}},"1":{"start":{"line":11,"column":34},"end":{"line":11,"column":null}},"2":{"start":{"line":12,"column":17},"end":{"line":12,"column":null}},"3":{"start":{"line":13,"column":2},"end":{"line":16,"column":null}},"4":{"start":{"line":26,"column":2},"end":{"line":26,"column":null}},"5":{"start":{"line":26,"column":12},"end":{"line":26,"column":null}},"6":{"start":{"line":27,"column":12},"end":{"line":27,"column":null}},"7":{"start":{"line":30,"column":2},"end":{"line":32,"column":null}},"8":{"start":{"line":31,"column":4},"end":{"line":31,"column":null}},"9":{"start":{"line":35,"column":16},"end":{"line":35,"column":null}},"10":{"start":{"line":36,"column":2},"end":{"line":40,"column":null}},"11":{"start":{"line":37,"column":15},"end":{"line":37,"column":null}},"12":{"start":{"line":38,"column":15},"end":{"line":38,"column":null}},"13":{"start":{"line":39,"column":4},"end":{"line":39,"column":null}},"14":{"start":{"line":43,"column":14},"end":{"line":43,"column":null}},"15":{"start":{"line":44,"column":2},"end":{"line":44,"column":null}},"16":{"start":{"line":44,"column":11},"end":{"line":44,"column":null}},"17":{"start":{"line":47,"column":17},"end":{"line":60,"column":null}},"18":{"start":{"line":61,"column":16},"end":{"line":61,"column":null}},"19":{"start":{"line":62,"column":2},"end":{"line":65,"column":null}},"20":{"start":{"line":63,"column":15},"end":{"line":63,"column":null}},"21":{"start":{"line":64,"column":4},"end":{"line":64,"column":null}},"22":{"start":{"line":67,"column":2},"end":{"line":67,"column":13}},"23":{"start":{"line":76,"column":2},"end":{"line":76,"column":null}},"24":{"start":{"line":76,"column":15},"end":{"line":76,"column":null}},"25":{"start":{"line":77,"column":19},"end":{"line":77,"column":null}},"26":{"start":{"line":78,"column":2},"end":{"line":78,"column":null}},"27":{"start":{"line":78,"column":18},"end":{"line":78,"column":null}},"28":{"start":{"line":79,"column":16},"end":{"line":79,"column":null}},"29":{"start":{"line":80,"column":15},"end":{"line":80,"column":null}},"30":{"start":{"line":81,"column":2},"end":{"line":81,"column":null}},"31":{"start":{"line":81,"column":35},"end":{"line":81,"column":null}},"32":{"start":{"line":82,"column":18},"end":{"line":82,"column":null}},"33":{"start":{"line":83,"column":2},"end":{"line":83,"column":null}},"34":{"start":{"line":92,"column":15},"end":{"line":92,"column":null}},"35":{"start":{"line":93,"column":2},"end":{"line":93,"column":null}},"36":{"start":{"line":93,"column":13},"end":{"line":93,"column":null}},"37":{"start":{"line":94,"column":15},"end":{"line":94,"column":null}},"38":{"start":{"line":95,"column":2},"end":{"line":95,"column":null}},"39":{"start":{"line":104,"column":2},"end":{"line":104,"column":null}},"40":{"start":{"line":114,"column":2},"end":{"line":114,"column":null}},"41":{"start":{"line":114,"column":30},"end":{"line":114,"column":null}},"42":{"start":{"line":115,"column":2},"end":{"line":115,"column":null}},"43":{"start":{"line":126,"column":14},"end":{"line":128,"column":null}},"44":{"start":{"line":129,"column":2},"end":{"line":140,"column":null}},"45":{"start":{"line":149,"column":2},"end":{"line":149,"column":null}},"46":{"start":{"line":158,"column":2},"end":{"line":158,"column":null}},"47":{"start":{"line":158,"column":15},"end":{"line":158,"column":null}},"48":{"start":{"line":159,"column":15},"end":{"line":159,"column":63}},"49":{"start":{"line":160,"column":2},"end":{"line":160,"column":null}},"50":{"start":{"line":160,"column":24},"end":{"line":160,"column":null}},"51":{"start":{"line":161,"column":2},"end":{"line":161,"column":null}},"52":{"start":{"line":161,"column":24},"end":{"line":161,"column":null}},"53":{"start":{"line":162,"column":2},"end":{"line":162,"column":null}},"54":{"start":{"line":162,"column":24},"end":{"line":162,"column":null}},"55":{"start":{"line":163,"column":2},"end":{"line":163,"column":null}},"56":{"start":{"line":172,"column":2},"end":{"line":172,"column":null}},"57":{"start":{"line":172,"column":37},"end":{"line":172,"column":null}},"58":{"start":{"line":173,"column":2},"end":{"line":173,"column":null}},"59":{"start":{"line":182,"column":2},"end":{"line":182,"column":null}},"60":{"start":{"line":182,"column":37},"end":{"line":182,"column":null}},"61":{"start":{"line":183,"column":2},"end":{"line":183,"column":null}}},"fnMap":{"0":{"name":"countryFlag","decl":{"start":{"line":10,"column":16},"end":{"line":10,"column":27}},"loc":{"start":{"line":10,"column":34},"end":{"line":17,"column":null}},"line":10},"1":{"name":"normalizeExpiry","decl":{"start":{"line":25,"column":16},"end":{"line":25,"column":31}},"loc":{"start":{"line":25,"column":37},"end":{"line":68,"column":null}},"line":25},"2":{"name":"expiryDaysLeft","decl":{"start":{"line":75,"column":16},"end":{"line":75,"column":30}},"loc":{"start":{"line":75,"column":39},"end":{"line":84,"column":null}},"line":75},"3":{"name":"isCardExpired","decl":{"start":{"line":91,"column":16},"end":{"line":91,"column":29}},"loc":{"start":{"line":91,"column":42},"end":{"line":96,"column":null}},"line":91},"4":{"name":"formatCardNumber","decl":{"start":{"line":103,"column":16},"end":{"line":103,"column":32}},"loc":{"start":{"line":103,"column":38},"end":{"line":105,"column":null}},"line":103},"5":{"name":"formatBinMasked","decl":{"start":{"line":113,"column":16},"end":{"line":113,"column":31}},"loc":{"start":{"line":113,"column":44},"end":{"line":116,"column":null}},"line":113},"6":{"name":"buildPipeString","decl":{"start":{"line":125,"column":16},"end":{"line":125,"column":31}},"loc":{"start":{"line":125,"column":43},"end":{"line":141,"column":null}},"line":125},"7":{"name":"shortId","decl":{"start":{"line":148,"column":16},"end":{"line":148,"column":23}},"loc":{"start":{"line":148,"column":28},"end":{"line":150,"column":null}},"line":148},"8":{"name":"timeAgo","decl":{"start":{"line":157,"column":16},"end":{"line":157,"column":23}},"loc":{"start":{"line":157,"column":32},"end":{"line":164,"column":null}},"line":157},"9":{"name":"formatCurrency","decl":{"start":{"line":171,"column":16},"end":{"line":171,"column":30}},"loc":{"start":{"line":171,"column":38},"end":{"line":174,"column":null}},"line":171},"10":{"name":"formatNumber","decl":{"start":{"line":181,"column":16},"end":{"line":181,"column":28}},"loc":{"start":{"line":181,"column":36},"end":{"line":184,"column":null}},"line":181}},"branchMap":{"0":{"loc":{"start":{"line":11,"column":2},"end":{"line":11,"column":null}},"type":"if","locations":[{"start":{"line":11,"column":2},"end":{"line":11,"column":null}},{"start":{},"end":{}}],"line":11},"1":{"loc":{"start":{"line":11,"column":6},"end":{"line":11,"column":32}},"type":"binary-expr","locations":[{"start":{"line":11,"column":6},"end":{"line":11,"column":11}},{"start":{"line":11,"column":15},"end":{"line":11,"column":32}}],"line":11},"2":{"loc":{"start":{"line":26,"column":2},"end":{"line":26,"column":null}},"type":"if","locations":[{"start":{"line":26,"column":2},"end":{"line":26,"column":null}},{"start":{},"end":{}}],"line":26},"3":{"loc":{"start":{"line":30,"column":2},"end":{"line":32,"column":null}},"type":"if","locations":[{"start":{"line":30,"column":2},"end":{"line":32,"column":null}},{"start":{},"end":{}}],"line":30},"4":{"loc":{"start":{"line":36,"column":2},"end":{"line":40,"column":null}},"type":"if","locations":[{"start":{"line":36,"column":2},"end":{"line":40,"column":null}},{"start":{},"end":{}}],"line":36},"5":{"loc":{"start":{"line":38,"column":15},"end":{"line":38,"column":null}},"type":"cond-expr","locations":[{"start":{"line":38,"column":39},"end":{"line":38,"column":56}},{"start":{"line":38,"column":59},"end":{"line":38,"column":null}}],"line":38},"6":{"loc":{"start":{"line":44,"column":2},"end":{"line":44,"column":null}},"type":"if","locations":[{"start":{"line":44,"column":2},"end":{"line":44,"column":null}},{"start":{},"end":{}}],"line":44},"7":{"loc":{"start":{"line":62,"column":2},"end":{"line":65,"column":null}},"type":"if","locations":[{"start":{"line":62,"column":2},"end":{"line":65,"column":null}},{"start":{},"end":{}}],"line":62},"8":{"loc":{"start":{"line":62,"column":6},"end":{"line":62,"column":31}},"type":"binary-expr","locations":[{"start":{"line":62,"column":6},"end":{"line":62,"column":11}},{"start":{"line":62,"column":15},"end":{"line":62,"column":31}}],"line":62},"9":{"loc":{"start":{"line":63,"column":15},"end":{"line":63,"column":null}},"type":"cond-expr","locations":[{"start":{"line":63,"column":39},"end":{"line":63,"column":56}},{"start":{"line":63,"column":59},"end":{"line":63,"column":null}}],"line":63},"10":{"loc":{"start":{"line":76,"column":2},"end":{"line":76,"column":null}},"type":"if","locations":[{"start":{"line":76,"column":2},"end":{"line":76,"column":null}},{"start":{},"end":{}}],"line":76},"11":{"loc":{"start":{"line":78,"column":2},"end":{"line":78,"column":null}},"type":"if","locations":[{"start":{"line":78,"column":2},"end":{"line":78,"column":null}},{"start":{},"end":{}}],"line":78},"12":{"loc":{"start":{"line":78,"column":6},"end":{"line":78,"column":16}},"type":"binary-expr","locations":[{"start":{"line":78,"column":6},"end":{"line":78,"column":9}},{"start":{"line":78,"column":13},"end":{"line":78,"column":16}}],"line":78},"13":{"loc":{"start":{"line":81,"column":2},"end":{"line":81,"column":null}},"type":"if","locations":[{"start":{"line":81,"column":2},"end":{"line":81,"column":null}},{"start":{},"end":{}}],"line":81},"14":{"loc":{"start":{"line":81,"column":6},"end":{"line":81,"column":33}},"type":"binary-expr","locations":[{"start":{"line":81,"column":6},"end":{"line":81,"column":18}},{"start":{"line":81,"column":22},"end":{"line":81,"column":33}}],"line":81},"15":{"loc":{"start":{"line":93,"column":2},"end":{"line":93,"column":null}},"type":"if","locations":[{"start":{"line":93,"column":2},"end":{"line":93,"column":null}},{"start":{},"end":{}}],"line":93},"16":{"loc":{"start":{"line":95,"column":9},"end":{"line":95,"column":null}},"type":"binary-expr","locations":[{"start":{"line":95,"column":9},"end":{"line":95,"column":22}},{"start":{"line":95,"column":26},"end":{"line":95,"column":null}}],"line":95},"17":{"loc":{"start":{"line":114,"column":2},"end":{"line":114,"column":null}},"type":"if","locations":[{"start":{"line":114,"column":2},"end":{"line":114,"column":null}},{"start":{},"end":{}}],"line":114},"18":{"loc":{"start":{"line":114,"column":6},"end":{"line":114,"column":28}},"type":"binary-expr","locations":[{"start":{"line":114,"column":6},"end":{"line":114,"column":10}},{"start":{"line":114,"column":14},"end":{"line":114,"column":28}}],"line":114},"19":{"loc":{"start":{"line":114,"column":52},"end":{"line":114,"column":67}},"type":"binary-expr","locations":[{"start":{"line":114,"column":52},"end":{"line":114,"column":57}},{"start":{"line":114,"column":61},"end":{"line":114,"column":67}}],"line":114},"20":{"loc":{"start":{"line":115,"column":34},"end":{"line":115,"column":49}},"type":"binary-expr","locations":[{"start":{"line":115,"column":34},"end":{"line":115,"column":39}},{"start":{"line":115,"column":43},"end":{"line":115,"column":49}}],"line":115},"21":{"loc":{"start":{"line":126,"column":14},"end":{"line":128,"column":null}},"type":"cond-expr","locations":[{"start":{"line":127,"column":6},"end":{"line":127,"column":null}},{"start":{"line":128,"column":6},"end":{"line":128,"column":null}}],"line":126},"22":{"loc":{"start":{"line":128,"column":9},"end":{"line":128,"column":23}},"type":"binary-expr","locations":[{"start":{"line":128,"column":9},"end":{"line":128,"column":17}},{"start":{"line":128,"column":21},"end":{"line":128,"column":23}}],"line":128},"23":{"loc":{"start":{"line":128,"column":28},"end":{"line":128,"column":44}},"type":"binary-expr","locations":[{"start":{"line":128,"column":28},"end":{"line":128,"column":38}},{"start":{"line":128,"column":42},"end":{"line":128,"column":44}}],"line":128},"24":{"loc":{"start":{"line":131,"column":4},"end":{"line":131,"column":46}},"type":"binary-expr","locations":[{"start":{"line":131,"column":4},"end":{"line":131,"column":20}},{"start":{"line":131,"column":24},"end":{"line":131,"column":40}},{"start":{"line":131,"column":44},"end":{"line":131,"column":46}}],"line":131},"25":{"loc":{"start":{"line":132,"column":4},"end":{"line":132,"column":18}},"type":"binary-expr","locations":[{"start":{"line":132,"column":4},"end":{"line":132,"column":12}},{"start":{"line":132,"column":16},"end":{"line":132,"column":18}}],"line":132},"26":{"loc":{"start":{"line":133,"column":4},"end":{"line":133,"column":46}},"type":"binary-expr","locations":[{"start":{"line":133,"column":4},"end":{"line":133,"column":20}},{"start":{"line":133,"column":24},"end":{"line":133,"column":40}},{"start":{"line":133,"column":44},"end":{"line":133,"column":46}}],"line":133},"27":{"loc":{"start":{"line":134,"column":4},"end":{"line":134,"column":30}},"type":"binary-expr","locations":[{"start":{"line":134,"column":4},"end":{"line":134,"column":24}},{"start":{"line":134,"column":28},"end":{"line":134,"column":30}}],"line":134},"28":{"loc":{"start":{"line":135,"column":4},"end":{"line":135,"column":18}},"type":"binary-expr","locations":[{"start":{"line":135,"column":4},"end":{"line":135,"column":12}},{"start":{"line":135,"column":16},"end":{"line":135,"column":18}}],"line":135},"29":{"loc":{"start":{"line":136,"column":4},"end":{"line":136,"column":19}},"type":"binary-expr","locations":[{"start":{"line":136,"column":4},"end":{"line":136,"column":13}},{"start":{"line":136,"column":17},"end":{"line":136,"column":19}}],"line":136},"30":{"loc":{"start":{"line":137,"column":4},"end":{"line":137,"column":20}},"type":"binary-expr","locations":[{"start":{"line":137,"column":4},"end":{"line":137,"column":14}},{"start":{"line":137,"column":18},"end":{"line":137,"column":20}}],"line":137},"31":{"loc":{"start":{"line":138,"column":4},"end":{"line":138,"column":22}},"type":"binary-expr","locations":[{"start":{"line":138,"column":4},"end":{"line":138,"column":16}},{"start":{"line":138,"column":20},"end":{"line":138,"column":22}}],"line":138},"32":{"loc":{"start":{"line":139,"column":4},"end":{"line":139,"column":20}},"type":"binary-expr","locations":[{"start":{"line":139,"column":4},"end":{"line":139,"column":14}},{"start":{"line":139,"column":18},"end":{"line":139,"column":20}}],"line":139},"33":{"loc":{"start":{"line":149,"column":9},"end":{"line":149,"column":null}},"type":"cond-expr","locations":[{"start":{"line":149,"column":14},"end":{"line":149,"column":40}},{"start":{"line":149,"column":43},"end":{"line":149,"column":null}}],"line":149},"34":{"loc":{"start":{"line":158,"column":2},"end":{"line":158,"column":null}},"type":"if","locations":[{"start":{"line":158,"column":2},"end":{"line":158,"column":null}},{"start":{},"end":{}}],"line":158},"35":{"loc":{"start":{"line":160,"column":2},"end":{"line":160,"column":null}},"type":"if","locations":[{"start":{"line":160,"column":2},"end":{"line":160,"column":null}},{"start":{},"end":{}}],"line":160},"36":{"loc":{"start":{"line":161,"column":2},"end":{"line":161,"column":null}},"type":"if","locations":[{"start":{"line":161,"column":2},"end":{"line":161,"column":null}},{"start":{},"end":{}}],"line":161},"37":{"loc":{"start":{"line":162,"column":2},"end":{"line":162,"column":null}},"type":"if","locations":[{"start":{"line":162,"column":2},"end":{"line":162,"column":null}},{"start":{},"end":{}}],"line":162},"38":{"loc":{"start":{"line":172,"column":2},"end":{"line":172,"column":null}},"type":"if","locations":[{"start":{"line":172,"column":2},"end":{"line":172,"column":null}},{"start":{},"end":{}}],"line":172},"39":{"loc":{"start":{"line":172,"column":6},"end":{"line":172,"column":35}},"type":"binary-expr","locations":[{"start":{"line":172,"column":6},"end":{"line":172,"column":19}},{"start":{"line":172,"column":23},"end":{"line":172,"column":35}}],"line":172},"40":{"loc":{"start":{"line":182,"column":2},"end":{"line":182,"column":null}},"type":"if","locations":[{"start":{"line":182,"column":2},"end":{"line":182,"column":null}},{"start":{},"end":{}}],"line":182},"41":{"loc":{"start":{"line":182,"column":6},"end":{"line":182,"column":35}},"type":"binary-expr","locations":[{"start":{"line":182,"column":6},"end":{"line":182,"column":19}},{"start":{"line":182,"column":23},"end":{"line":182,"column":35}}],"line":182}},"s":{"0":8,"1":4,"2":4,"3":4,"4":24,"5":2,"6":22,"7":22,"8":2,"9":20,"10":20,"11":13,"12":13,"13":13,"14":7,"15":7,"16":1,"17":6,"18":6,"19":6,"20":3,"21":3,"22":3,"23":13,"24":1,"25":12,"26":12,"27":1,"28":11,"29":11,"30":11,"31":0,"32":11,"33":11,"34":11,"35":11,"36":2,"37":9,"38":9,"39":4,"40":5,"41":2,"42":3,"43":2,"44":2,"45":5,"46":6,"47":2,"48":4,"49":4,"50":1,"51":3,"52":3,"53":2,"54":2,"55":1,"56":6,"57":3,"58":3,"59":6,"60":3,"61":3},"f":{"0":8,"1":24,"2":13,"3":11,"4":4,"5":5,"6":2,"7":5,"8":6,"9":6,"10":6},"b":{"0":[4,4],"1":[8,6],"2":[2,22],"3":[2,20],"4":[13,7],"5":[2,11],"6":[1,6],"7":[3,3],"8":[6,3],"9":[2,1],"10":[1,12],"11":[1,11],"12":[12,12],"13":[0,11],"14":[11,11],"15":[2,9],"16":[9,9],"17":[2,3],"18":[5,4],"19":[2,0],"20":[3,2],"21":[1,1],"22":[1,0],"23":[1,0],"24":[2,1,0],"25":[2,1],"26":[2,1,1],"27":[2,1],"28":[2,1],"29":[2,1],"30":[2,1],"31":[2,1],"32":[2,1],"33":[3,2],"34":[2,4],"35":[1,3],"36":[1,2],"37":[1,1],"38":[3,3],"39":[6,4],"40":[3,3],"41":[6,4]},"meta":{"lastBranch":42,"lastFunction":11,"lastStatement":62,"seen":{"f:10:16:10:27":0,"b:11:2:11:Infinity:undefined:undefined:undefined:undefined":0,"s:11:2:11:Infinity":0,"b:11:6:11:11:11:15:11:32":1,"s:11:34:11:Infinity":1,"s:12:17:12:Infinity":2,"s:13:2:16:Infinity":3,"f:25:16:25:31":1,"b:26:2:26:Infinity:undefined:undefined:undefined:undefined":2,"s:26:2:26:Infinity":4,"s:26:12:26:Infinity":5,"s:27:12:27:Infinity":6,"b:30:2:32:Infinity:undefined:undefined:undefined:undefined":3,"s:30:2:32:Infinity":7,"s:31:4:31:Infinity":8,"s:35:16:35:Infinity":9,"b:36:2:40:Infinity:undefined:undefined:undefined:undefined":4,"s:36:2:40:Infinity":10,"s:37:15:37:Infinity":11,"s:38:15:38:Infinity":12,"b:38:39:38:56:38:59:38:Infinity":5,"s:39:4:39:Infinity":13,"s:43:14:43:Infinity":14,"b:44:2:44:Infinity:undefined:undefined:undefined:undefined":6,"s:44:2:44:Infinity":15,"s:44:11:44:Infinity":16,"s:47:17:60:Infinity":17,"s:61:16:61:Infinity":18,"b:62:2:65:Infinity:undefined:undefined:undefined:undefined":7,"s:62:2:65:Infinity":19,"b:62:6:62:11:62:15:62:31":8,"s:63:15:63:Infinity":20,"b:63:39:63:56:63:59:63:Infinity":9,"s:64:4:64:Infinity":21,"s:67:2:67:13":22,"f:75:16:75:30":2,"b:76:2:76:Infinity:undefined:undefined:undefined:undefined":10,"s:76:2:76:Infinity":23,"s:76:15:76:Infinity":24,"s:77:19:77:Infinity":25,"b:78:2:78:Infinity:undefined:undefined:undefined:undefined":11,"s:78:2:78:Infinity":26,"b:78:6:78:9:78:13:78:16":12,"s:78:18:78:Infinity":27,"s:79:16:79:Infinity":28,"s:80:15:80:Infinity":29,"b:81:2:81:Infinity:undefined:undefined:undefined:undefined":13,"s:81:2:81:Infinity":30,"b:81:6:81:18:81:22:81:33":14,"s:81:35:81:Infinity":31,"s:82:18:82:Infinity":32,"s:83:2:83:Infinity":33,"f:91:16:91:29":3,"s:92:15:92:Infinity":34,"b:93:2:93:Infinity:undefined:undefined:undefined:undefined":15,"s:93:2:93:Infinity":35,"s:93:13:93:Infinity":36,"s:94:15:94:Infinity":37,"s:95:2:95:Infinity":38,"b:95:9:95:22:95:26:95:Infinity":16,"f:103:16:103:32":4,"s:104:2:104:Infinity":39,"f:113:16:113:31":5,"b:114:2:114:Infinity:undefined:undefined:undefined:undefined":17,"s:114:2:114:Infinity":40,"b:114:6:114:10:114:14:114:28":18,"s:114:30:114:Infinity":41,"b:114:52:114:57:114:61:114:67":19,"s:115:2:115:Infinity":42,"b:115:34:115:39:115:43:115:49":20,"f:125:16:125:31":6,"s:126:14:128:Infinity":43,"b:127:6:127:Infinity:128:6:128:Infinity":21,"b:128:9:128:17:128:21:128:23":22,"b:128:28:128:38:128:42:128:44":23,"s:129:2:140:Infinity":44,"b:131:4:131:20:131:24:131:40:131:44:131:46":24,"b:132:4:132:12:132:16:132:18":25,"b:133:4:133:20:133:24:133:40:133:44:133:46":26,"b:134:4:134:24:134:28:134:30":27,"b:135:4:135:12:135:16:135:18":28,"b:136:4:136:13:136:17:136:19":29,"b:137:4:137:14:137:18:137:20":30,"b:138:4:138:16:138:20:138:22":31,"b:139:4:139:14:139:18:139:20":32,"f:148:16:148:23":7,"s:149:2:149:Infinity":45,"b:149:14:149:40:149:43:149:Infinity":33,"f:157:16:157:23":8,"b:158:2:158:Infinity:undefined:undefined:undefined:undefined":34,"s:158:2:158:Infinity":46,"s:158:15:158:Infinity":47,"s:159:15:159:63":48,"b:160:2:160:Infinity:undefined:undefined:undefined:undefined":35,"s:160:2:160:Infinity":49,"s:160:24:160:Infinity":50,"b:161:2:161:Infinity:undefined:undefined:undefined:undefined":36,"s:161:2:161:Infinity":51,"s:161:24:161:Infinity":52,"b:162:2:162:Infinity:undefined:undefined:undefined:undefined":37,"s:162:2:162:Infinity":53,"s:162:24:162:Infinity":54,"s:163:2:163:Infinity":55,"f:171:16:171:30":9,"b:172:2:172:Infinity:undefined:undefined:undefined:undefined":38,"s:172:2:172:Infinity":56,"b:172:6:172:19:172:23:172:35":39,"s:172:37:172:Infinity":57,"s:173:2:173:Infinity":58,"f:181:16:181:28":10,"b:182:2:182:Infinity:undefined:undefined:undefined:undefined":40,"s:182:2:182:Infinity":59,"b:182:6:182:19:182:23:182:35":41,"s:182:37:182:Infinity":60,"s:183:2:183:Infinity":61}}}
,"/Volumes/EncryptDisk/CC_Manager/manager-work/src/utils/pagination.js": {"path":"/Volumes/EncryptDisk/CC_Manager/manager-work/src/utils/pagination.js","statementMap":{"0":{"start":{"line":12,"column":2},"end":{"line":12,"column":null}},"1":{"start":{"line":12,"column":18},"end":{"line":12,"column":null}},"2":{"start":{"line":12,"column":65},"end":{"line":12,"column":70}},"3":{"start":{"line":13,"column":16},"end":{"line":13,"column":null}},"4":{"start":{"line":14,"column":2},"end":{"line":14,"column":null}},"5":{"start":{"line":14,"column":19},"end":{"line":14,"column":null}},"6":{"start":{"line":15,"column":2},"end":{"line":20,"column":null}},"7":{"start":{"line":16,"column":12},"end":{"line":16,"column":36}},"8":{"start":{"line":20,"column":4},"end":{"line":20,"column":null}},"9":{"start":{"line":21,"column":2},"end":{"line":21,"column":null}},"10":{"start":{"line":21,"column":27},"end":{"line":21,"column":null}},"11":{"start":{"line":22,"column":2},"end":{"line":22,"column":null}},"12":{"start":{"line":23,"column":2},"end":{"line":23,"column":null}}},"fnMap":{"0":{"name":"buildPageNumbers","decl":{"start":{"line":11,"column":16},"end":{"line":11,"column":32}},"loc":{"start":{"line":11,"column":49},"end":{"line":24,"column":null}},"line":11},"1":{"name":"(anonymous_1)","decl":{"start":{"line":12,"column":55},"end":{"line":12,"column":56}},"loc":{"start":{"line":12,"column":65},"end":{"line":12,"column":70}},"line":12}},"branchMap":{"0":{"loc":{"start":{"line":12,"column":2},"end":{"line":12,"column":null}},"type":"if","locations":[{"start":{"line":12,"column":2},"end":{"line":12,"column":null}},{"start":{},"end":{}}],"line":12},"1":{"loc":{"start":{"line":14,"column":2},"end":{"line":14,"column":null}},"type":"if","locations":[{"start":{"line":14,"column":2},"end":{"line":14,"column":null}},{"start":{},"end":{}}],"line":14},"2":{"loc":{"start":{"line":21,"column":2},"end":{"line":21,"column":null}},"type":"if","locations":[{"start":{"line":21,"column":2},"end":{"line":21,"column":null}},{"start":{},"end":{}}],"line":21}},"s":{"0":13,"1":4,"2":15,"3":9,"4":9,"5":6,"6":9,"7":9,"8":21,"9":9,"10":6,"11":9,"12":9},"f":{"0":13,"1":15},"b":{"0":[4,9],"1":[6,3],"2":[6,3]},"meta":{"lastBranch":3,"lastFunction":2,"lastStatement":13,"seen":{"f:11:16:11:32":0,"b:12:2:12:Infinity:undefined:undefined:undefined:undefined":0,"s:12:2:12:Infinity":0,"s:12:18:12:Infinity":1,"f:12:55:12:56":1,"s:12:65:12:70":2,"s:13:16:13:Infinity":3,"b:14:2:14:Infinity:undefined:undefined:undefined:undefined":1,"s:14:2:14:Infinity":4,"s:14:19:14:Infinity":5,"s:15:2:20:Infinity":6,"s:16:12:16:36":7,"s:20:4:20:Infinity":8,"b:21:2:21:Infinity:undefined:undefined:undefined:undefined":2,"s:21:2:21:Infinity":9,"s:21:27:21:Infinity":10,"s:22:2:22:Infinity":11,"s:23:2:23:Infinity":12}}}
,"/Volumes/EncryptDisk/CC_Manager/manager-work/src/utils/validation.js": {"path":"/Volumes/EncryptDisk/CC_Manager/manager-work/src/utils/validation.js","statementMap":{"0":{"start":{"line":11,"column":13},"end":{"line":11,"column":null}},"1":{"start":{"line":12,"column":2},"end":{"line":12,"column":null}},"2":{"start":{"line":21,"column":18},"end":{"line":21,"column":null}},"3":{"start":{"line":22,"column":2},"end":{"line":22,"column":null}},"4":{"start":{"line":22,"column":50},"end":{"line":22,"column":null}},"5":{"start":{"line":24,"column":12},"end":{"line":24,"column":null}},"6":{"start":{"line":25,"column":15},"end":{"line":25,"column":null}},"7":{"start":{"line":27,"column":2},"end":{"line":37,"column":null}},"8":{"start":{"line":27,"column":15},"end":{"line":27,"column":33}},"9":{"start":{"line":28,"column":16},"end":{"line":28,"column":null}},"10":{"start":{"line":30,"column":4},"end":{"line":33,"column":null}},"11":{"start":{"line":31,"column":6},"end":{"line":31,"column":null}},"12":{"start":{"line":32,"column":6},"end":{"line":32,"column":null}},"13":{"start":{"line":32,"column":21},"end":{"line":32,"column":null}},"14":{"start":{"line":35,"column":4},"end":{"line":35,"column":null}},"15":{"start":{"line":36,"column":4},"end":{"line":36,"column":null}},"16":{"start":{"line":39,"column":2},"end":{"line":39,"column":null}},"17":{"start":{"line":48,"column":2},"end":{"line":48,"column":null}},"18":{"start":{"line":48,"column":15},"end":{"line":48,"column":null}},"19":{"start":{"line":49,"column":16},"end":{"line":49,"column":null}},"20":{"start":{"line":50,"column":2},"end":{"line":50,"column":null}},"21":{"start":{"line":50,"column":14},"end":{"line":50,"column":null}},"22":{"start":{"line":52,"column":16},"end":{"line":52,"column":null}},"23":{"start":{"line":53,"column":15},"end":{"line":53,"column":null}},"24":{"start":{"line":55,"column":2},"end":{"line":55,"column":null}},"25":{"start":{"line":55,"column":31},"end":{"line":55,"column":null}},"26":{"start":{"line":57,"column":21},"end":{"line":57,"column":null}},"27":{"start":{"line":58,"column":2},"end":{"line":58,"column":null}},"28":{"start":{"line":67,"column":2},"end":{"line":67,"column":null}},"29":{"start":{"line":78,"column":2},"end":{"line":78,"column":null}},"30":{"start":{"line":87,"column":2},"end":{"line":92,"column":null}},"31":{"start":{"line":88,"column":4},"end":{"line":88,"column":null}},"32":{"start":{"line":89,"column":4},"end":{"line":89,"column":null}},"33":{"start":{"line":91,"column":4},"end":{"line":91,"column":null}},"34":{"start":{"line":101,"column":14},"end":{"line":101,"column":null}},"35":{"start":{"line":102,"column":2},"end":{"line":102,"column":null}}},"fnMap":{"0":{"name":"isValidEmail","decl":{"start":{"line":10,"column":16},"end":{"line":10,"column":28}},"loc":{"start":{"line":10,"column":36},"end":{"line":13,"column":null}},"line":10},"1":{"name":"isValidCardNumber","decl":{"start":{"line":20,"column":16},"end":{"line":20,"column":33}},"loc":{"start":{"line":20,"column":46},"end":{"line":40,"column":null}},"line":20},"2":{"name":"isValidExpiry","decl":{"start":{"line":47,"column":16},"end":{"line":47,"column":29}},"loc":{"start":{"line":47,"column":38},"end":{"line":59,"column":null}},"line":47},"3":{"name":"isValidCVV","decl":{"start":{"line":66,"column":16},"end":{"line":66,"column":26}},"loc":{"start":{"line":66,"column":32},"end":{"line":68,"column":null}},"line":66},"4":{"name":"isValidZip","decl":{"start":{"line":75,"column":16},"end":{"line":75,"column":26}},"loc":{"start":{"line":75,"column":32},"end":{"line":79,"column":null}},"line":75},"5":{"name":"isValidUrl","decl":{"start":{"line":86,"column":16},"end":{"line":86,"column":26}},"loc":{"start":{"line":86,"column":32},"end":{"line":93,"column":null}},"line":86},"6":{"name":"isValidPort","decl":{"start":{"line":100,"column":16},"end":{"line":100,"column":27}},"loc":{"start":{"line":100,"column":34},"end":{"line":103,"column":null}},"line":100}},"branchMap":{"0":{"loc":{"start":{"line":22,"column":2},"end":{"line":22,"column":null}},"type":"if","locations":[{"start":{"line":22,"column":2},"end":{"line":22,"column":null}},{"start":{},"end":{}}],"line":22},"1":{"loc":{"start":{"line":22,"column":6},"end":{"line":22,"column":48}},"type":"binary-expr","locations":[{"start":{"line":22,"column":6},"end":{"line":22,"column":25}},{"start":{"line":22,"column":29},"end":{"line":22,"column":48}}],"line":22},"2":{"loc":{"start":{"line":30,"column":4},"end":{"line":33,"column":null}},"type":"if","locations":[{"start":{"line":30,"column":4},"end":{"line":33,"column":null}},{"start":{},"end":{}}],"line":30},"3":{"loc":{"start":{"line":32,"column":6},"end":{"line":32,"column":null}},"type":"if","locations":[{"start":{"line":32,"column":6},"end":{"line":32,"column":null}},{"start":{},"end":{}}],"line":32},"4":{"loc":{"start":{"line":48,"column":2},"end":{"line":48,"column":null}},"type":"if","locations":[{"start":{"line":48,"column":2},"end":{"line":48,"column":null}},{"start":{},"end":{}}],"line":48},"5":{"loc":{"start":{"line":50,"column":2},"end":{"line":50,"column":null}},"type":"if","locations":[{"start":{"line":50,"column":2},"end":{"line":50,"column":null}},{"start":{},"end":{}}],"line":50},"6":{"loc":{"start":{"line":55,"column":2},"end":{"line":55,"column":null}},"type":"if","locations":[{"start":{"line":55,"column":2},"end":{"line":55,"column":null}},{"start":{},"end":{}}],"line":55},"7":{"loc":{"start":{"line":55,"column":6},"end":{"line":55,"column":29}},"type":"binary-expr","locations":[{"start":{"line":55,"column":6},"end":{"line":55,"column":15}},{"start":{"line":55,"column":19},"end":{"line":55,"column":29}}],"line":55},"8":{"loc":{"start":{"line":102,"column":9},"end":{"line":102,"column":null}},"type":"binary-expr","locations":[{"start":{"line":102,"column":9},"end":{"line":102,"column":20}},{"start":{"line":102,"column":24},"end":{"line":102,"column":32}},{"start":{"line":102,"column":36},"end":{"line":102,"column":null}}],"line":102}},"s":{"0":8,"1":8,"2":9,"3":9,"4":2,"5":7,"6":7,"7":7,"8":7,"9":111,"10":111,"11":55,"12":55,"13":21,"14":111,"15":111,"16":7,"17":11,"18":1,"19":10,"20":10,"21":4,"22":6,"23":6,"24":6,"25":2,"26":4,"27":4,"28":9,"29":8,"30":6,"31":6,"32":6,"33":3,"34":10,"35":10},"f":{"0":8,"1":9,"2":11,"3":9,"4":8,"5":6,"6":10},"b":{"0":[2,7],"1":[9,8],"2":[55,56],"3":[21,34],"4":[1,10],"5":[4,6],"6":[2,4],"7":[6,5],"8":[10,9,7]},"meta":{"lastBranch":9,"lastFunction":7,"lastStatement":36,"seen":{"f:10:16:10:28":0,"s:11:13:11:Infinity":0,"s:12:2:12:Infinity":1,"f:20:16:20:33":1,"s:21:18:21:Infinity":2,"b:22:2:22:Infinity:undefined:undefined:undefined:undefined":0,"s:22:2:22:Infinity":3,"b:22:6:22:25:22:29:22:48":1,"s:22:50:22:Infinity":4,"s:24:12:24:Infinity":5,"s:25:15:25:Infinity":6,"s:27:2:37:Infinity":7,"s:27:15:27:33":8,"s:28:16:28:Infinity":9,"b:30:4:33:Infinity:undefined:undefined:undefined:undefined":2,"s:30:4:33:Infinity":10,"s:31:6:31:Infinity":11,"b:32:6:32:Infinity:undefined:undefined:undefined:undefined":3,"s:32:6:32:Infinity":12,"s:32:21:32:Infinity":13,"s:35:4:35:Infinity":14,"s:36:4:36:Infinity":15,"s:39:2:39:Infinity":16,"f:47:16:47:29":2,"b:48:2:48:Infinity:undefined:undefined:undefined:undefined":4,"s:48:2:48:Infinity":17,"s:48:15:48:Infinity":18,"s:49:16:49:Infinity":19,"b:50:2:50:Infinity:undefined:undefined:undefined:undefined":5,"s:50:2:50:Infinity":20,"s:50:14:50:Infinity":21,"s:52:16:52:Infinity":22,"s:53:15:53:Infinity":23,"b:55:2:55:Infinity:undefined:undefined:undefined:undefined":6,"s:55:2:55:Infinity":24,"b:55:6:55:15:55:19:55:29":7,"s:55:31:55:Infinity":25,"s:57:21:57:Infinity":26,"s:58:2:58:Infinity":27,"f:66:16:66:26":3,"s:67:2:67:Infinity":28,"f:75:16:75:26":4,"s:78:2:78:Infinity":29,"f:86:16:86:26":5,"s:87:2:92:Infinity":30,"s:88:4:88:Infinity":31,"s:89:4:89:Infinity":32,"s:91:4:91:Infinity":33,"f:100:16:100:27":6,"s:101:14:101:Infinity":34,"s:102:2:102:Infinity":35,"b:102:9:102:20:102:24:102:32:102:36:102:Infinity":8}}}
}
